<?xml version="1.0" encoding="UTF-8"?>
<!-- Generated by org.testng.reporters.JUnitXMLReporter -->
<testsuite hostname="LAPTOP-50R24AM0" ignored="0" name="Default test" tests="4" failures="0" timestamp="2020-07-21T11:13:48 IST" time="0.05" errors="0">
  <testcase name="@BeforeSuite launchBrowser" time="-1.595310227915E9" classname="tests.BaseClass">
    <failure type="org.testng.TestNGException" message="
Parameter &amp;apos;browsername&amp;apos; is required by BeforeSuite on method launchBrowser but has not been marked @Optional or defined
in C:\Users\TEMP.LAPTOP-50R24AM0.000.001\AppData\Local\Temp\testng-eclipse--726602405\testng-customsuite.xml">
      <![CDATA[org.testng.TestNGException: 
Parameter 'browsername' is required by BeforeSuite on method launchBrowser but has not been marked @Optional or defined
in C:\Users\TEMP.LAPTOP-50R24AM0.000.001\AppData\Local\Temp\testng-eclipse--726602405\testng-customsuite.xml
at org.testng.internal.Parameters.createParams(Parameters.java:268)
at org.testng.internal.Parameters.createParametersForMethod(Parameters.java:356)
at org.testng.internal.Parameters.createParameters(Parameters.java:700)
at org.testng.internal.Parameters.createConfigurationParameters(Parameters.java:166)
at org.testng.internal.ConfigInvoker.invokeConfigurations(ConfigInvoker.java:299)
at org.testng.SuiteRunner.privateRun(SuiteRunner.java:327)
at org.testng.SuiteRunner.run(SuiteRunner.java:286)
at org.testng.SuiteRunnerWorker.runSuite(SuiteRunnerWorker.java:53)
at org.testng.SuiteRunnerWorker.run(SuiteRunnerWorker.java:96)
at org.testng.TestNG.runSuitesSequentially(TestNG.java:1214)
at org.testng.TestNG.runSuitesLocally(TestNG.java:1136)
at org.testng.TestNG.runSuites(TestNG.java:1066)
at org.testng.TestNG.run(TestNG.java:1034)
at org.testng.remote.AbstractRemoteTestNG.run(AbstractRemoteTestNG.java:115)
at org.testng.remote.RemoteTestNG.initAndRun(RemoteTestNG.java:251)
at org.testng.remote.RemoteTestNG.main(RemoteTestNG.java:77)
]]>
    </failure>
  </testcase> <!-- @BeforeSuite launchBrowser -->
  <testcase name="@BeforeTest startTest" time="-1.595310227928E9" classname="tests.tests">
    <skipped/>
  </testcase> <!-- @BeforeTest startTest -->
  <testcase name="@BeforeClass startMessage" time="-1.595310227942E9" classname="tests.tests">
    <skipped/>
  </testcase> <!-- @BeforeClass startMessage -->
  <testcase name="@BeforeMethod beforeMethod" time="-1.595310227955E9" classname="tests.tests">
    <skipped/>
  </testcase> <!-- @BeforeMethod beforeMethod -->
  <testcase name="@AfterMethod afterMethod" time="-1.595310227961E9" classname="tests.tests">
    <skipped/>
  </testcase> <!-- @AfterMethod afterMethod -->
  <testcase name="@BeforeMethod beforeMethod" time="-1.595310227963E9" classname="tests.tests">
    <skipped/>
  </testcase> <!-- @BeforeMethod beforeMethod -->
  <testcase name="@AfterMethod afterMethod" time="-1.595310227966E9" classname="tests.tests">
    <skipped/>
  </testcase> <!-- @AfterMethod afterMethod -->
  <testcase name="@BeforeMethod beforeMethod" time="-1.595310227967E9" classname="tests.tests">
    <skipped/>
  </testcase> <!-- @BeforeMethod beforeMethod -->
  <testcase name="@AfterMethod afterMethod" time="-1.595310227969E9" classname="tests.tests">
    <skipped/>
  </testcase> <!-- @AfterMethod afterMethod -->
  <testcase name="@BeforeMethod beforeMethod" time="-1.59531022797E9" classname="tests.tests">
    <skipped/>
  </testcase> <!-- @BeforeMethod beforeMethod -->
  <testcase name="@AfterMethod afterMethod" time="-1.595310227973E9" classname="tests.tests">
    <skipped/>
  </testcase> <!-- @AfterMethod afterMethod -->
  <testcase name="@AfterClass endMessage" time="-1.595310227974E9" classname="tests.tests">
    <skipped/>
  </testcase> <!-- @AfterClass endMessage -->
  <testcase name="@AfterTest endTest" time="-1.595310227977E9" classname="tests.tests">
    <skipped/>
  </testcase> <!-- @AfterTest endTest -->
  <testcase name="checkLanguages" time="0.0" classname="tests.tests">
    <skipped/>
  </testcase> <!-- checkLanguages -->
  <testcase name="googleBrokenLink" time="0.0" classname="tests.tests">
    <skipped/>
  </testcase> <!-- googleBrokenLink -->
  <testcase name="googleColourCheck" time="0.0" classname="tests.tests">
    <skipped/>
  </testcase> <!-- googleColourCheck -->
  <testcase name="googleSearch" time="0.0" classname="tests.tests">
    <skipped/>
  </testcase> <!-- googleSearch -->
</testsuite> <!-- Default test -->
